  main.cpp
c:\users\arkad\documents\deadshot files\c++ programs\sfml\tests\pseudo_3d_own\pseudo_3d_own\main.cpp(52): warning C4244: 'initializing': conversion from 'double' to 'float', possible loss of data
c:\users\arkad\documents\deadshot files\c++ programs\sfml\tests\pseudo_3d_own\pseudo_3d_own\main.cpp(53): warning C4244: 'initializing': conversion from 'double' to 'float', possible loss of data
c:\users\arkad\documents\deadshot files\c++ programs\sfml\tests\pseudo_3d_own\pseudo_3d_own\main.cpp(56): warning C4244: 'initializing': conversion from 'float' to 'int', possible loss of data
c:\users\arkad\documents\deadshot files\c++ programs\sfml\tests\pseudo_3d_own\pseudo_3d_own\main.cpp(57): warning C4244: 'initializing': conversion from 'float' to 'int', possible loss of data
c:\users\arkad\documents\deadshot files\c++ programs\sfml\tests\pseudo_3d_own\pseudo_3d_own\main.cpp(62): warning C4244: 'argument': conversion from 'int' to 'float', possible loss of data
c:\users\arkad\documents\deadshot files\c++ programs\sfml\tests\pseudo_3d_own\pseudo_3d_own\main.cpp(86): warning C4244: 'argument': conversion from 'int' to 'float', possible loss of data
c:\users\arkad\documents\deadshot files\c++ programs\sfml\tests\pseudo_3d_own\pseudo_3d_own\main.cpp(89): warning C4244: 'initializing': conversion from 'float' to 'int', possible loss of data
c:\users\arkad\documents\deadshot files\c++ programs\sfml\tests\pseudo_3d_own\pseudo_3d_own\main.cpp(91): warning C4244: 'argument': conversion from 'int' to 'T', possible loss of data
          with
          [
              T=float
          ]
c:\users\arkad\documents\deadshot files\c++ programs\sfml\tests\pseudo_3d_own\pseudo_3d_own\main.cpp(92): warning C4244: 'argument': conversion from 'int' to 'float', possible loss of data
c:\users\arkad\documents\deadshot files\c++ programs\sfml\tests\pseudo_3d_own\pseudo_3d_own\main.cpp(94): warning C4244: '=': conversion from 'double' to 'float', possible loss of data
c:\users\arkad\documents\deadshot files\c++ programs\sfml\tests\pseudo_3d_own\pseudo_3d_own\main.cpp(96): warning C4244: 'argument': conversion from 'int' to 'T', possible loss of data
          with
          [
              T=float
          ]
c:\users\arkad\documents\deadshot files\c++ programs\sfml\tests\pseudo_3d_own\pseudo_3d_own\main.cpp(97): warning C4244: 'argument': conversion from 'int' to 'float', possible loss of data
c:\users\arkad\documents\deadshot files\c++ programs\sfml\tests\pseudo_3d_own\pseudo_3d_own\main.cpp(99): warning C4244: 'argument': conversion from 'int' to 'T', possible loss of data
          with
          [
              T=float
          ]
c:\users\arkad\documents\deadshot files\c++ programs\sfml\tests\pseudo_3d_own\pseudo_3d_own\main.cpp(100): warning C4244: 'argument': conversion from 'int' to 'float', possible loss of data
c:\users\arkad\documents\deadshot files\c++ programs\sfml\tests\pseudo_3d_own\pseudo_3d_own\main.cpp(114): warning C4244: 'argument': conversion from 'int' to 'T', possible loss of data
          with
          [
              T=float
          ]
c:\users\arkad\documents\deadshot files\c++ programs\sfml\tests\pseudo_3d_own\pseudo_3d_own\main.cpp(114): warning C4244: 'argument': conversion from 'T' to 'T', possible loss of data
          with
          [
              T=int
          ]
          and
          [
              T=float
          ]
  Pseudo_3D_Own.vcxproj -> C:\Users\arkad\Documents\DEADSHOT FILES\C++ Programs\SFML\TESTS\Pseudo_3D_Own\Debug\Pseudo_3D_Own.exe
